[2025-12-08 01:06:15,943: INFO: common: yaml_file: config\config.yaml loaded successfully]
[2025-12-08 01:06:15,977: INFO: common: yaml_file: params.yaml loaded successfully]
[2025-12-08 01:06:15,984: INFO: common: created directory at : artifacts]
[2025-12-08 01:06:15,987: INFO: common: created directory at : artifacts\training]
[2025-12-08 01:07:49,488: INFO: common: yaml_file: config\config.yaml loaded successfully]
[2025-12-08 01:07:49,492: INFO: common: yaml_file: params.yaml loaded successfully]
[2025-12-08 01:07:49,495: INFO: common: created directory at : artifacts]
[2025-12-08 01:07:49,496: INFO: common: created directory at : artifacts\training]
[2025-12-08 01:08:44,226: INFO: common: yaml_file: config\config.yaml loaded successfully]
[2025-12-08 01:08:44,249: INFO: common: yaml_file: params.yaml loaded successfully]
[2025-12-08 01:08:44,253: INFO: common: created directory at : artifacts]
[2025-12-08 01:08:44,258: INFO: common: created directory at : artifacts\training]
[2025-12-08 01:09:17,508: INFO: common: yaml_file: config\config.yaml loaded successfully]
[2025-12-08 01:09:17,517: INFO: common: yaml_file: params.yaml loaded successfully]
[2025-12-08 01:09:17,521: INFO: common: created directory at : artifacts]
[2025-12-08 01:09:17,523: INFO: common: created directory at : artifacts\training]
[2025-12-08 23:08:41,655: INFO: _client: HTTP Request: GET https://dagshub.com/api/v1/user "HTTP/1.1 200 OK"]
[2025-12-08 23:08:41,702: INFO: helpers: Accessing as ishita-jainn]
[2025-12-08 23:08:42,525: INFO: _client: HTTP Request: GET https://dagshub.com/api/v1/repos/ishita-jainn/Deep-Learning-Project-MLFlow-DVC "HTTP/1.1 200 OK"]
[2025-12-08 23:08:43,287: INFO: _client: HTTP Request: GET https://dagshub.com/api/v1/user "HTTP/1.1 200 OK"]
[2025-12-08 23:08:43,291: INFO: helpers: Initialized MLflow to track repo "ishita-jainn/Deep-Learning-Project-MLFlow-DVC"]
[2025-12-08 23:08:43,294: INFO: helpers: Repository ishita-jainn/Deep-Learning-Project-MLFlow-DVC initialized!]
